2025-09-14 00:04:58.283 [WARN] [HikariPool-5:housekeeper] [825] HikariPool-5 - Thread starvation or clock leap detected (housekeeper delta=51m56s534ms).
2025-09-14 00:40:10.634 [WARN] [HikariPool-5:housekeeper] [825] HikariPool-5 - Thread starvation or clock leap detected (housekeeper delta=35m12s352ms).
2025-09-14 00:51:15.832 [INFO] [restartedMain] [53] Starting Vue3ElementPlusApiServerApplication using Java 17.0.15 with PID 2040 (C:\sts4-workspace\vue3-element-plus-api-server\target\classes started by willy in C:\sts4-workspace\vue3-element-plus-api-server)
2025-09-14 00:51:15.833 [DEBUG] [restartedMain] [54] Running with Spring Boot v3.5.5, Spring v6.2.10
2025-09-14 00:51:15.835 [INFO] [restartedMain] [652] No active profile set, falling back to 1 default profile: "default"
2025-09-14 00:51:15.859 [INFO] [restartedMain] [68] Devtools property defaults active! Set 'spring.devtools.add-properties' to 'false' to disable
2025-09-14 00:51:15.860 [INFO] [restartedMain] [68] For additional web related logging consider setting the 'logging.level.web' property to 'DEBUG'
2025-09-14 00:51:16.286 [INFO] [restartedMain] [145] Bootstrapping Spring Data JPA repositories in DEFAULT mode.
2025-09-14 00:51:16.326 [INFO] [restartedMain] [213] Finished Spring Data repository scanning in 33 ms. Found 1 JPA repository interface.
2025-09-14 00:51:16.603 [INFO] [restartedMain] [111] Tomcat initialized with port 8080 (http)
2025-09-14 00:51:16.616 [INFO] [restartedMain] [168] Starting service [Tomcat]
2025-09-14 00:51:16.616 [INFO] [restartedMain] [168] Starting Servlet engine: [Apache Tomcat/10.1.44]
2025-09-14 00:51:16.647 [INFO] [restartedMain] [168] Initializing Spring embedded WebApplicationContext
2025-09-14 00:51:16.648 [INFO] [restartedMain] [301] Root WebApplicationContext: initialization completed in 788 ms
2025-09-14 00:51:16.727 [INFO] [restartedMain] [109] HikariPool-1 - Starting...
2025-09-14 00:51:17.827 [INFO] [restartedMain] [31] HHH000204: Processing PersistenceUnitInfo [name: default]
2025-09-14 00:51:17.871 [INFO] [restartedMain] [44] HHH000412: Hibernate ORM core version 6.6.26.Final
2025-09-14 00:51:17.898 [INFO] [restartedMain] [50] HHH000026: Second-level cache disabled
2025-09-14 00:51:18.096 [INFO] [restartedMain] [87] No LoadTimeWeaver setup: ignoring JPA class transformer
2025-09-14 00:51:18.120 [INFO] [restartedMain] [109] HikariPool-1 - Starting...
2025-09-14 00:51:19.156 [WARN] [restartedMain] [145] SQL Error: 0, SQLState: 08S01
2025-09-14 00:51:19.156 [ERROR] [restartedMain] [150] Communications link failure

The last packet sent successfully to the server was 0 milliseconds ago. The driver has not received any packets from the server.
2025-09-14 00:51:19.157 [WARN] [restartedMain] [403] HHH000342: Could not obtain connection to query metadata
org.hibernate.exception.JDBCConnectionException: unable to obtain isolated JDBC connection [Communications link failure

The last packet sent successfully to the server was 0 milliseconds ago. The driver has not received any packets from the server.] [n/a]
	at org.hibernate.exception.internal.SQLStateConversionDelegate.convert(SQLStateConversionDelegate.java:100)
	at org.hibernate.exception.internal.StandardSQLExceptionConverter.convert(StandardSQLExceptionConverter.java:58)
	at org.hibernate.engine.jdbc.spi.SqlExceptionHelper.convert(SqlExceptionHelper.java:108)
	at org.hibernate.engine.jdbc.spi.SqlExceptionHelper.convert(SqlExceptionHelper.java:94)
	at org.hibernate.resource.transaction.backend.jdbc.internal.JdbcIsolationDelegate.delegateWork(JdbcIsolationDelegate.java:116)
	at org.hibernate.engine.jdbc.env.internal.JdbcEnvironmentInitiator.getJdbcEnvironmentUsingJdbcMetadata(JdbcEnvironmentInitiator.java:334)
	at org.hibernate.engine.jdbc.env.internal.JdbcEnvironmentInitiator.initiateService(JdbcEnvironmentInitiator.java:129)
	at org.hibernate.engine.jdbc.env.internal.JdbcEnvironmentInitiator.initiateService(JdbcEnvironmentInitiator.java:81)
	at org.hibernate.boot.registry.internal.StandardServiceRegistryImpl.initiateService(StandardServiceRegistryImpl.java:130)
	at org.hibernate.service.internal.AbstractServiceRegistryImpl.createService(AbstractServiceRegistryImpl.java:263)
	at org.hibernate.service.internal.AbstractServiceRegistryImpl.initializeService(AbstractServiceRegistryImpl.java:238)
	at org.hibernate.service.internal.AbstractServiceRegistryImpl.getService(AbstractServiceRegistryImpl.java:215)
	at org.hibernate.boot.model.relational.Database.<init>(Database.java:45)
	at org.hibernate.boot.internal.InFlightMetadataCollectorImpl.getDatabase(InFlightMetadataCollectorImpl.java:226)
	at org.hibernate.boot.internal.InFlightMetadataCollectorImpl.<init>(InFlightMetadataCollectorImpl.java:194)
	at org.hibernate.boot.model.process.spi.MetadataBuildingProcess.complete(MetadataBuildingProcess.java:171)
	at org.hibernate.jpa.boot.internal.EntityManagerFactoryBuilderImpl.metadata(EntityManagerFactoryBuilderImpl.java:1442)
	at org.hibernate.jpa.boot.internal.EntityManagerFactoryBuilderImpl.build(EntityManagerFactoryBuilderImpl.java:1513)
	at org.springframework.orm.jpa.vendor.SpringHibernateJpaPersistenceProvider.createContainerEntityManagerFactory(SpringHibernateJpaPersistenceProvider.java:66)
	at org.springframework.orm.jpa.LocalContainerEntityManagerFactoryBean.createNativeEntityManagerFactory(LocalContainerEntityManagerFactoryBean.java:390)
	at org.springframework.orm.jpa.AbstractEntityManagerFactoryBean.buildNativeEntityManagerFactory(AbstractEntityManagerFactoryBean.java:419)
	at org.springframework.orm.jpa.AbstractEntityManagerFactoryBean.afterPropertiesSet(AbstractEntityManagerFactoryBean.java:400)
	at org.springframework.orm.jpa.LocalContainerEntityManagerFactoryBean.afterPropertiesSet(LocalContainerEntityManagerFactoryBean.java:366)
	at org.springframework.beans.factory.support.AbstractAutowireCapableBeanFactory.invokeInitMethods(AbstractAutowireCapableBeanFactory.java:1873)
	at org.springframework.beans.factory.support.AbstractAutowireCapableBeanFactory.initializeBean(AbstractAutowireCapableBeanFactory.java:1822)
	at org.springframework.beans.factory.support.AbstractAutowireCapableBeanFactory.doCreateBean(AbstractAutowireCapableBeanFactory.java:607)
	at org.springframework.beans.factory.support.AbstractAutowireCapableBeanFactory.createBean(AbstractAutowireCapableBeanFactory.java:529)
	at org.springframework.beans.factory.support.AbstractBeanFactory.lambda$doGetBean$0(AbstractBeanFactory.java:339)
	at org.springframework.beans.factory.support.DefaultSingletonBeanRegistry.getSingleton(DefaultSingletonBeanRegistry.java:373)
	at org.springframework.beans.factory.support.AbstractBeanFactory.doGetBean(AbstractBeanFactory.java:337)
	at org.springframework.beans.factory.support.AbstractBeanFactory.getBean(AbstractBeanFactory.java:207)
	at org.springframework.context.support.AbstractApplicationContext.finishBeanFactoryInitialization(AbstractApplicationContext.java:970)
	at org.springframework.context.support.AbstractApplicationContext.refresh(AbstractApplicationContext.java:627)
	at org.springframework.boot.web.servlet.context.ServletWebServerApplicationContext.refresh(ServletWebServerApplicationContext.java:146)
	at org.springframework.boot.SpringApplication.refresh(SpringApplication.java:752)
	at org.springframework.boot.SpringApplication.refreshContext(SpringApplication.java:439)
	at org.springframework.boot.SpringApplication.run(SpringApplication.java:318)
	at org.springframework.boot.SpringApplication.run(SpringApplication.java:1361)
	at org.springframework.boot.SpringApplication.run(SpringApplication.java:1350)
	at tw.idv.yiwei.Vue3ElementPlusApiServerApplication.main(Vue3ElementPlusApiServerApplication.java:10)
	at java.base/jdk.internal.reflect.NativeMethodAccessorImpl.invoke0(Native Method)
	at java.base/jdk.internal.reflect.NativeMethodAccessorImpl.invoke(NativeMethodAccessorImpl.java:77)
	at java.base/jdk.internal.reflect.DelegatingMethodAccessorImpl.invoke(DelegatingMethodAccessorImpl.java:43)
	at java.base/java.lang.reflect.Method.invoke(Method.java:569)
	at org.springframework.boot.devtools.restart.RestartLauncher.run(RestartLauncher.java:50)
Caused by: com.mysql.cj.jdbc.exceptions.CommunicationsException: Communications link failure

The last packet sent successfully to the server was 0 milliseconds ago. The driver has not received any packets from the server.
	at com.mysql.cj.jdbc.exceptions.SQLError.createCommunicationsException(SQLError.java:165)
	at com.mysql.cj.jdbc.exceptions.SQLExceptionsMapping.translateException(SQLExceptionsMapping.java:55)
	at com.mysql.cj.jdbc.ConnectionImpl.createNewIO(ConnectionImpl.java:839)
	at com.mysql.cj.jdbc.ConnectionImpl.<init>(ConnectionImpl.java:415)
	at com.mysql.cj.jdbc.ConnectionImpl.getInstance(ConnectionImpl.java:237)
	at com.mysql.cj.jdbc.NonRegisteringDriver.connect(NonRegisteringDriver.java:180)
	at com.zaxxer.hikari.util.DriverDataSource.getConnection(DriverDataSource.java:144)
	at com.zaxxer.hikari.pool.PoolBase.newConnection(PoolBase.java:370)
	at com.zaxxer.hikari.pool.PoolBase.newPoolEntry(PoolBase.java:207)
	at com.zaxxer.hikari.pool.HikariPool.createPoolEntry(HikariPool.java:488)
	at com.zaxxer.hikari.pool.HikariPool.checkFailFast(HikariPool.java:576)
	at com.zaxxer.hikari.pool.HikariPool.<init>(HikariPool.java:97)
	at com.zaxxer.hikari.HikariDataSource.getConnection(HikariDataSource.java:111)
	at org.hibernate.engine.jdbc.connections.internal.DatasourceConnectionProviderImpl.getConnection(DatasourceConnectionProviderImpl.java:126)
	at org.hibernate.engine.jdbc.env.internal.JdbcEnvironmentInitiator$ConnectionProviderJdbcConnectionAccess.obtainConnection(JdbcEnvironmentInitiator.java:485)
	at org.hibernate.resource.transaction.backend.jdbc.internal.JdbcIsolationDelegate.delegateWork(JdbcIsolationDelegate.java:61)
	... 40 common frames omitted
Caused by: com.mysql.cj.exceptions.CJCommunicationsException: Communications link failure

The last packet sent successfully to the server was 0 milliseconds ago. The driver has not received any packets from the server.
	at java.base/jdk.internal.reflect.NativeConstructorAccessorImpl.newInstance0(Native Method)
	at java.base/jdk.internal.reflect.NativeConstructorAccessorImpl.newInstance(NativeConstructorAccessorImpl.java:77)
	at java.base/jdk.internal.reflect.DelegatingConstructorAccessorImpl.newInstance(DelegatingConstructorAccessorImpl.java:45)
	at java.base/java.lang.reflect.Constructor.newInstanceWithCaller(Constructor.java:500)
	at java.base/java.lang.reflect.Constructor.newInstance(Constructor.java:481)
	at com.mysql.cj.exceptions.ExceptionFactory.createException(ExceptionFactory.java:52)
	at com.mysql.cj.exceptions.ExceptionFactory.createException(ExceptionFactory.java:95)
	at com.mysql.cj.exceptions.ExceptionFactory.createException(ExceptionFactory.java:140)
	at com.mysql.cj.exceptions.ExceptionFactory.createCommunicationsException(ExceptionFactory.java:156)
	at com.mysql.cj.protocol.a.NativeSocketConnection.connect(NativeSocketConnection.java:79)
	at com.mysql.cj.NativeSession.connect(NativeSession.java:142)
	at com.mysql.cj.jdbc.ConnectionImpl.connectOneTryOnly(ConnectionImpl.java:963)
	at com.mysql.cj.jdbc.ConnectionImpl.createNewIO(ConnectionImpl.java:827)
	... 53 common frames omitted
Caused by: java.net.ConnectException: Connection refused: getsockopt
	at java.base/sun.nio.ch.Net.pollConnect(Native Method)
	at java.base/sun.nio.ch.Net.pollConnectNow(Net.java:672)
	at java.base/sun.nio.ch.NioSocketImpl.timedFinishConnect(NioSocketImpl.java:547)
	at java.base/sun.nio.ch.NioSocketImpl.connect(NioSocketImpl.java:602)
	at java.base/java.net.SocksSocketImpl.connect(SocksSocketImpl.java:327)
	at java.base/java.net.Socket.connect(Socket.java:633)
	at com.mysql.cj.protocol.StandardSocketFactory.connect(StandardSocketFactory.java:144)
	at com.mysql.cj.protocol.a.NativeSocketConnection.connect(NativeSocketConnection.java:53)
	... 56 common frames omitted
2025-09-14 00:51:19.182 [WARN] [restartedMain] [153] HHH90000025: MySQLDialect does not need to be specified explicitly using 'hibernate.dialect' (remove the property setting and it will be selected by default)
2025-09-14 00:51:19.192 [INFO] [restartedMain] [163] HHH10001005: Database info:
	Database JDBC URL [Connecting through datasource 'HikariDataSource (null)']
	Database driver: undefined/unknown
	Database version: 8.0
	Autocommit mode: undefined/unknown
	Isolation level: undefined/unknown
	Minimum pool size: undefined/unknown
	Maximum pool size: undefined/unknown
2025-09-14 00:51:19.691 [INFO] [restartedMain] [59] HHH000489: No JTA platform available (set 'hibernate.transaction.jta.platform' to enable JTA platform integration)
2025-09-14 00:51:19.694 [INFO] [restartedMain] [447] Initialized JPA EntityManagerFactory for persistence unit 'default'
2025-09-14 00:51:19.968 [WARN] [restartedMain] [258] spring.jpa.open-in-view is enabled by default. Therefore, database queries may be performed during view rendering. Explicitly configure spring.jpa.open-in-view to disable this warning
2025-09-14 00:51:19.981 [INFO] [restartedMain] [59] Adding welcome page: class path resource [static/index.html]
2025-09-14 00:51:20.207 [INFO] [restartedMain] [59] LiveReload server is running on port 35729
2025-09-14 00:51:20.241 [INFO] [restartedMain] [243] Tomcat started on port 8080 (http) with context path '/vue3-element-plus-api-server'
2025-09-14 00:51:20.246 [INFO] [restartedMain] [59] Started Vue3ElementPlusApiServerApplication in 4.702 seconds (process running for 5.229)
2025-09-14 01:02:54.601 [INFO] [http-nio-8080-exec-1] [168] Initializing Spring DispatcherServlet 'dispatcherServlet'
2025-09-14 01:02:54.601 [INFO] [http-nio-8080-exec-1] [532] Initializing Servlet 'dispatcherServlet'
2025-09-14 01:02:54.602 [INFO] [http-nio-8080-exec-1] [554] Completed initialization in 1 ms
2025-09-14 01:02:54.723 [INFO] [http-nio-8080-exec-1] [109] HikariPool-1 - Starting...
2025-09-14 01:02:55.729 [WARN] [http-nio-8080-exec-1] [145] SQL Error: 0, SQLState: 08S01
2025-09-14 01:02:55.730 [ERROR] [http-nio-8080-exec-1] [150] Communications link failure

The last packet sent successfully to the server was 0 milliseconds ago. The driver has not received any packets from the server.
2025-09-14 01:03:40.563 [INFO] [http-nio-8080-exec-3] [109] HikariPool-1 - Starting...
2025-09-14 01:03:40.777 [INFO] [http-nio-8080-exec-3] [580] HikariPool-1 - Added connection com.mysql.cj.jdbc.ConnectionImpl@4c1a7cc
2025-09-14 01:03:40.778 [INFO] [http-nio-8080-exec-3] [122] HikariPool-1 - Start completed.
2025-09-14 01:04:54.832 [INFO] [File Watcher] [211] Restarting due to 1 class path change (0 additions, 0 deletions, 1 modification)
2025-09-14 01:04:54.834 [INFO] [Thread-5] [54] Commencing graceful shutdown. Waiting for active requests to complete
2025-09-14 01:04:55.038 [INFO] [tomcat-shutdown] [76] Graceful shutdown complete
2025-09-14 01:04:55.040 [INFO] [Thread-5] [660] Closing JPA EntityManagerFactory for persistence unit 'default'
2025-09-14 01:04:55.042 [INFO] [Thread-5] [349] HikariPool-1 - Shutdown initiated...
2025-09-14 01:04:55.047 [INFO] [Thread-5] [351] HikariPool-1 - Shutdown completed.
2025-09-14 01:04:55.101 [INFO] [restartedMain] [53] Starting Vue3ElementPlusApiServerApplication using Java 17.0.15 with PID 2040 (C:\sts4-workspace\vue3-element-plus-api-server\target\classes started by willy in C:\sts4-workspace\vue3-element-plus-api-server)
2025-09-14 01:04:55.102 [DEBUG] [restartedMain] [54] Running with Spring Boot v3.5.5, Spring v6.2.10
2025-09-14 01:04:55.102 [INFO] [restartedMain] [652] No active profile set, falling back to 1 default profile: "default"
2025-09-14 01:04:55.206 [INFO] [restartedMain] [145] Bootstrapping Spring Data JPA repositories in DEFAULT mode.
2025-09-14 01:04:55.212 [INFO] [restartedMain] [213] Finished Spring Data repository scanning in 5 ms. Found 1 JPA repository interface.
2025-09-14 01:04:55.263 [INFO] [restartedMain] [111] Tomcat initialized with port 8080 (http)
2025-09-14 01:04:55.264 [INFO] [restartedMain] [168] Starting service [Tomcat]
2025-09-14 01:04:55.264 [INFO] [restartedMain] [168] Starting Servlet engine: [Apache Tomcat/10.1.44]
2025-09-14 01:04:55.274 [INFO] [restartedMain] [168] Initializing Spring embedded WebApplicationContext
2025-09-14 01:04:55.274 [INFO] [restartedMain] [301] Root WebApplicationContext: initialization completed in 171 ms
2025-09-14 01:04:55.294 [INFO] [restartedMain] [109] HikariPool-2 - Starting...
2025-09-14 01:04:55.312 [INFO] [restartedMain] [580] HikariPool-2 - Added connection com.mysql.cj.jdbc.ConnectionImpl@3df23bef
2025-09-14 01:04:55.312 [INFO] [restartedMain] [122] HikariPool-2 - Start completed.
2025-09-14 01:04:55.316 [INFO] [restartedMain] [31] HHH000204: Processing PersistenceUnitInfo [name: default]
2025-09-14 01:04:55.320 [INFO] [restartedMain] [50] HHH000026: Second-level cache disabled
2025-09-14 01:04:55.326 [INFO] [restartedMain] [87] No LoadTimeWeaver setup: ignoring JPA class transformer
2025-09-14 01:04:55.340 [WARN] [restartedMain] [153] HHH90000025: MySQLDialect does not need to be specified explicitly using 'hibernate.dialect' (remove the property setting and it will be selected by default)
2025-09-14 01:04:55.343 [INFO] [restartedMain] [163] HHH10001005: Database info:
	Database JDBC URL [Connecting through datasource 'HikariDataSource (HikariPool-2)']
	Database driver: undefined/unknown
	Database version: 8.0.36
	Autocommit mode: undefined/unknown
	Isolation level: undefined/unknown
	Minimum pool size: undefined/unknown
	Maximum pool size: undefined/unknown
2025-09-14 01:04:55.371 [INFO] [restartedMain] [59] HHH000489: No JTA platform available (set 'hibernate.transaction.jta.platform' to enable JTA platform integration)
2025-09-14 01:04:55.372 [INFO] [restartedMain] [447] Initialized JPA EntityManagerFactory for persistence unit 'default'
2025-09-14 01:04:55.425 [WARN] [restartedMain] [258] spring.jpa.open-in-view is enabled by default. Therefore, database queries may be performed during view rendering. Explicitly configure spring.jpa.open-in-view to disable this warning
2025-09-14 01:04:55.429 [INFO] [restartedMain] [59] Adding welcome page: class path resource [static/index.html]
2025-09-14 01:04:55.495 [INFO] [restartedMain] [59] LiveReload server is running on port 35729
2025-09-14 01:04:55.505 [INFO] [restartedMain] [243] Tomcat started on port 8080 (http) with context path '/vue3-element-plus-api-server'
2025-09-14 01:04:55.510 [INFO] [restartedMain] [59] Started Vue3ElementPlusApiServerApplication in 0.422 seconds (process running for 820.493)
2025-09-14 01:04:55.511 [INFO] [restartedMain] [63] Condition evaluation unchanged
2025-09-14 01:05:04.027 [INFO] [File Watcher] [211] Restarting due to 1 class path change (0 additions, 0 deletions, 1 modification)
2025-09-14 01:05:04.028 [INFO] [Thread-7] [54] Commencing graceful shutdown. Waiting for active requests to complete
2025-09-14 01:05:04.226 [INFO] [tomcat-shutdown] [76] Graceful shutdown complete
2025-09-14 01:05:04.227 [INFO] [Thread-7] [660] Closing JPA EntityManagerFactory for persistence unit 'default'
2025-09-14 01:05:04.228 [INFO] [Thread-7] [349] HikariPool-2 - Shutdown initiated...
2025-09-14 01:05:04.230 [INFO] [Thread-7] [351] HikariPool-2 - Shutdown completed.
2025-09-14 01:05:04.282 [INFO] [restartedMain] [53] Starting Vue3ElementPlusApiServerApplication using Java 17.0.15 with PID 2040 (C:\sts4-workspace\vue3-element-plus-api-server\target\classes started by willy in C:\sts4-workspace\vue3-element-plus-api-server)
2025-09-14 01:05:04.282 [DEBUG] [restartedMain] [54] Running with Spring Boot v3.5.5, Spring v6.2.10
2025-09-14 01:05:04.282 [INFO] [restartedMain] [652] No active profile set, falling back to 1 default profile: "default"
2025-09-14 01:05:04.372 [INFO] [restartedMain] [145] Bootstrapping Spring Data JPA repositories in DEFAULT mode.
2025-09-14 01:05:04.378 [INFO] [restartedMain] [213] Finished Spring Data repository scanning in 5 ms. Found 1 JPA repository interface.
2025-09-14 01:05:04.412 [INFO] [restartedMain] [111] Tomcat initialized with port 8080 (http)
2025-09-14 01:05:04.412 [INFO] [restartedMain] [168] Starting service [Tomcat]
2025-09-14 01:05:04.412 [INFO] [restartedMain] [168] Starting Servlet engine: [Apache Tomcat/10.1.44]
2025-09-14 01:05:04.446 [INFO] [restartedMain] [168] Initializing Spring embedded WebApplicationContext
2025-09-14 01:05:04.446 [INFO] [restartedMain] [301] Root WebApplicationContext: initialization completed in 163 ms
2025-09-14 01:05:04.462 [INFO] [restartedMain] [109] HikariPool-3 - Starting...
2025-09-14 01:05:04.477 [INFO] [restartedMain] [580] HikariPool-3 - Added connection com.mysql.cj.jdbc.ConnectionImpl@3082bcaf
2025-09-14 01:05:04.477 [INFO] [restartedMain] [122] HikariPool-3 - Start completed.
2025-09-14 01:05:04.478 [INFO] [restartedMain] [31] HHH000204: Processing PersistenceUnitInfo [name: default]
2025-09-14 01:05:04.479 [INFO] [restartedMain] [50] HHH000026: Second-level cache disabled
2025-09-14 01:05:04.483 [INFO] [restartedMain] [87] No LoadTimeWeaver setup: ignoring JPA class transformer
2025-09-14 01:05:04.486 [WARN] [restartedMain] [153] HHH90000025: MySQLDialect does not need to be specified explicitly using 'hibernate.dialect' (remove the property setting and it will be selected by default)
2025-09-14 01:05:04.486 [INFO] [restartedMain] [163] HHH10001005: Database info:
	Database JDBC URL [Connecting through datasource 'HikariDataSource (HikariPool-3)']
	Database driver: undefined/unknown
	Database version: 8.0.36
	Autocommit mode: undefined/unknown
	Isolation level: undefined/unknown
	Minimum pool size: undefined/unknown
	Maximum pool size: undefined/unknown
2025-09-14 01:05:04.504 [INFO] [restartedMain] [59] HHH000489: No JTA platform available (set 'hibernate.transaction.jta.platform' to enable JTA platform integration)
2025-09-14 01:05:04.504 [INFO] [restartedMain] [447] Initialized JPA EntityManagerFactory for persistence unit 'default'
2025-09-14 01:05:04.542 [WARN] [restartedMain] [258] spring.jpa.open-in-view is enabled by default. Therefore, database queries may be performed during view rendering. Explicitly configure spring.jpa.open-in-view to disable this warning
2025-09-14 01:05:04.546 [INFO] [restartedMain] [59] Adding welcome page: class path resource [static/index.html]
2025-09-14 01:05:04.589 [INFO] [restartedMain] [59] LiveReload server is running on port 35729
2025-09-14 01:05:04.596 [INFO] [restartedMain] [243] Tomcat started on port 8080 (http) with context path '/vue3-element-plus-api-server'
2025-09-14 01:05:04.599 [INFO] [restartedMain] [59] Started Vue3ElementPlusApiServerApplication in 0.329 seconds (process running for 829.582)
2025-09-14 01:05:04.601 [INFO] [restartedMain] [63] Condition evaluation unchanged
2025-09-14 01:05:14.158 [INFO] [File Watcher] [211] Restarting due to 1 class path change (0 additions, 0 deletions, 1 modification)
2025-09-14 01:05:14.159 [INFO] [Thread-11] [54] Commencing graceful shutdown. Waiting for active requests to complete
2025-09-14 01:05:14.367 [INFO] [tomcat-shutdown] [76] Graceful shutdown complete
2025-09-14 01:05:14.369 [INFO] [Thread-11] [660] Closing JPA EntityManagerFactory for persistence unit 'default'
2025-09-14 01:05:14.369 [INFO] [Thread-11] [349] HikariPool-3 - Shutdown initiated...
2025-09-14 01:05:14.372 [INFO] [Thread-11] [351] HikariPool-3 - Shutdown completed.
2025-09-14 01:05:14.421 [INFO] [restartedMain] [53] Starting Vue3ElementPlusApiServerApplication using Java 17.0.15 with PID 2040 (C:\sts4-workspace\vue3-element-plus-api-server\target\classes started by willy in C:\sts4-workspace\vue3-element-plus-api-server)
2025-09-14 01:05:14.421 [DEBUG] [restartedMain] [54] Running with Spring Boot v3.5.5, Spring v6.2.10
2025-09-14 01:05:14.421 [INFO] [restartedMain] [652] No active profile set, falling back to 1 default profile: "default"
2025-09-14 01:05:14.512 [INFO] [restartedMain] [145] Bootstrapping Spring Data JPA repositories in DEFAULT mode.
2025-09-14 01:05:14.516 [INFO] [restartedMain] [213] Finished Spring Data repository scanning in 4 ms. Found 1 JPA repository interface.
2025-09-14 01:05:14.553 [INFO] [restartedMain] [111] Tomcat initialized with port 8080 (http)
2025-09-14 01:05:14.554 [INFO] [restartedMain] [168] Starting service [Tomcat]
2025-09-14 01:05:14.554 [INFO] [restartedMain] [168] Starting Servlet engine: [Apache Tomcat/10.1.44]
2025-09-14 01:05:14.573 [INFO] [restartedMain] [168] Initializing Spring embedded WebApplicationContext
2025-09-14 01:05:14.574 [INFO] [restartedMain] [301] Root WebApplicationContext: initialization completed in 151 ms
2025-09-14 01:05:14.593 [INFO] [restartedMain] [109] HikariPool-4 - Starting...
2025-09-14 01:05:14.606 [INFO] [restartedMain] [580] HikariPool-4 - Added connection com.mysql.cj.jdbc.ConnectionImpl@275b96c4
2025-09-14 01:05:14.607 [INFO] [restartedMain] [122] HikariPool-4 - Start completed.
2025-09-14 01:05:14.609 [INFO] [restartedMain] [31] HHH000204: Processing PersistenceUnitInfo [name: default]
2025-09-14 01:05:14.610 [INFO] [restartedMain] [50] HHH000026: Second-level cache disabled
2025-09-14 01:05:14.614 [INFO] [restartedMain] [87] No LoadTimeWeaver setup: ignoring JPA class transformer
2025-09-14 01:05:14.617 [WARN] [restartedMain] [153] HHH90000025: MySQLDialect does not need to be specified explicitly using 'hibernate.dialect' (remove the property setting and it will be selected by default)
2025-09-14 01:05:14.617 [INFO] [restartedMain] [163] HHH10001005: Database info:
	Database JDBC URL [Connecting through datasource 'HikariDataSource (HikariPool-4)']
	Database driver: undefined/unknown
	Database version: 8.0.36
	Autocommit mode: undefined/unknown
	Isolation level: undefined/unknown
	Minimum pool size: undefined/unknown
	Maximum pool size: undefined/unknown
2025-09-14 01:05:14.640 [INFO] [restartedMain] [59] HHH000489: No JTA platform available (set 'hibernate.transaction.jta.platform' to enable JTA platform integration)
2025-09-14 01:05:14.640 [INFO] [restartedMain] [447] Initialized JPA EntityManagerFactory for persistence unit 'default'
2025-09-14 01:05:14.685 [WARN] [restartedMain] [258] spring.jpa.open-in-view is enabled by default. Therefore, database queries may be performed during view rendering. Explicitly configure spring.jpa.open-in-view to disable this warning
2025-09-14 01:05:14.688 [INFO] [restartedMain] [59] Adding welcome page: class path resource [static/index.html]
2025-09-14 01:05:14.731 [INFO] [restartedMain] [59] LiveReload server is running on port 35729
2025-09-14 01:05:14.738 [INFO] [restartedMain] [243] Tomcat started on port 8080 (http) with context path '/vue3-element-plus-api-server'
2025-09-14 01:05:14.741 [INFO] [restartedMain] [59] Started Vue3ElementPlusApiServerApplication in 0.333 seconds (process running for 839.724)
2025-09-14 01:05:14.742 [INFO] [restartedMain] [63] Condition evaluation unchanged
2025-09-14 01:05:16.164 [INFO] [File Watcher] [211] Restarting due to 1 class path change (0 additions, 0 deletions, 1 modification)
2025-09-14 01:05:16.165 [INFO] [Thread-15] [54] Commencing graceful shutdown. Waiting for active requests to complete
2025-09-14 01:05:16.369 [INFO] [tomcat-shutdown] [76] Graceful shutdown complete
2025-09-14 01:05:16.371 [INFO] [Thread-15] [660] Closing JPA EntityManagerFactory for persistence unit 'default'
2025-09-14 01:05:16.371 [INFO] [Thread-15] [349] HikariPool-4 - Shutdown initiated...
2025-09-14 01:05:16.374 [INFO] [Thread-15] [351] HikariPool-4 - Shutdown completed.
2025-09-14 01:05:16.421 [INFO] [restartedMain] [53] Starting Vue3ElementPlusApiServerApplication using Java 17.0.15 with PID 2040 (C:\sts4-workspace\vue3-element-plus-api-server\target\classes started by willy in C:\sts4-workspace\vue3-element-plus-api-server)
2025-09-14 01:05:16.422 [DEBUG] [restartedMain] [54] Running with Spring Boot v3.5.5, Spring v6.2.10
2025-09-14 01:05:16.422 [INFO] [restartedMain] [652] No active profile set, falling back to 1 default profile: "default"
2025-09-14 01:05:16.503 [INFO] [restartedMain] [145] Bootstrapping Spring Data JPA repositories in DEFAULT mode.
2025-09-14 01:05:16.509 [INFO] [restartedMain] [213] Finished Spring Data repository scanning in 4 ms. Found 1 JPA repository interface.
2025-09-14 01:05:16.548 [INFO] [restartedMain] [111] Tomcat initialized with port 8080 (http)
2025-09-14 01:05:16.549 [INFO] [restartedMain] [168] Starting service [Tomcat]
2025-09-14 01:05:16.549 [INFO] [restartedMain] [168] Starting Servlet engine: [Apache Tomcat/10.1.44]
2025-09-14 01:05:16.559 [INFO] [restartedMain] [168] Initializing Spring embedded WebApplicationContext
2025-09-14 01:05:16.559 [INFO] [restartedMain] [301] Root WebApplicationContext: initialization completed in 137 ms
2025-09-14 01:05:16.574 [INFO] [restartedMain] [109] HikariPool-5 - Starting...
2025-09-14 01:05:16.585 [INFO] [restartedMain] [580] HikariPool-5 - Added connection com.mysql.cj.jdbc.ConnectionImpl@3aff602
2025-09-14 01:05:16.586 [INFO] [restartedMain] [122] HikariPool-5 - Start completed.
2025-09-14 01:05:16.587 [INFO] [restartedMain] [31] HHH000204: Processing PersistenceUnitInfo [name: default]
2025-09-14 01:05:16.588 [INFO] [restartedMain] [50] HHH000026: Second-level cache disabled
2025-09-14 01:05:16.592 [INFO] [restartedMain] [87] No LoadTimeWeaver setup: ignoring JPA class transformer
2025-09-14 01:05:16.593 [WARN] [restartedMain] [153] HHH90000025: MySQLDialect does not need to be specified explicitly using 'hibernate.dialect' (remove the property setting and it will be selected by default)
2025-09-14 01:05:16.594 [INFO] [restartedMain] [163] HHH10001005: Database info:
	Database JDBC URL [Connecting through datasource 'HikariDataSource (HikariPool-5)']
	Database driver: undefined/unknown
	Database version: 8.0.36
	Autocommit mode: undefined/unknown
	Isolation level: undefined/unknown
	Minimum pool size: undefined/unknown
	Maximum pool size: undefined/unknown
2025-09-14 01:05:16.611 [INFO] [restartedMain] [59] HHH000489: No JTA platform available (set 'hibernate.transaction.jta.platform' to enable JTA platform integration)
2025-09-14 01:05:16.611 [INFO] [restartedMain] [447] Initialized JPA EntityManagerFactory for persistence unit 'default'
2025-09-14 01:05:16.643 [WARN] [restartedMain] [258] spring.jpa.open-in-view is enabled by default. Therefore, database queries may be performed during view rendering. Explicitly configure spring.jpa.open-in-view to disable this warning
2025-09-14 01:05:16.645 [INFO] [restartedMain] [59] Adding welcome page: class path resource [static/index.html]
2025-09-14 01:05:16.684 [INFO] [restartedMain] [59] LiveReload server is running on port 35729
2025-09-14 01:05:16.692 [INFO] [restartedMain] [243] Tomcat started on port 8080 (http) with context path '/vue3-element-plus-api-server'
2025-09-14 01:05:16.696 [INFO] [restartedMain] [59] Started Vue3ElementPlusApiServerApplication in 0.287 seconds (process running for 841.679)
2025-09-14 01:05:16.697 [INFO] [restartedMain] [63] Condition evaluation unchanged
2025-09-14 01:05:52.631 [INFO] [File Watcher] [211] Restarting due to 1 class path change (0 additions, 0 deletions, 1 modification)
2025-09-14 01:05:52.632 [INFO] [Thread-19] [54] Commencing graceful shutdown. Waiting for active requests to complete
2025-09-14 01:05:52.835 [INFO] [tomcat-shutdown] [76] Graceful shutdown complete
2025-09-14 01:05:52.836 [INFO] [Thread-19] [660] Closing JPA EntityManagerFactory for persistence unit 'default'
2025-09-14 01:05:52.836 [INFO] [Thread-19] [349] HikariPool-5 - Shutdown initiated...
2025-09-14 01:05:52.838 [INFO] [Thread-19] [351] HikariPool-5 - Shutdown completed.
2025-09-14 01:05:52.884 [INFO] [restartedMain] [53] Starting Vue3ElementPlusApiServerApplication using Java 17.0.15 with PID 2040 (C:\sts4-workspace\vue3-element-plus-api-server\target\classes started by willy in C:\sts4-workspace\vue3-element-plus-api-server)
2025-09-14 01:05:52.884 [DEBUG] [restartedMain] [54] Running with Spring Boot v3.5.5, Spring v6.2.10
2025-09-14 01:05:52.885 [INFO] [restartedMain] [652] No active profile set, falling back to 1 default profile: "default"
2025-09-14 01:05:52.980 [INFO] [restartedMain] [145] Bootstrapping Spring Data JPA repositories in DEFAULT mode.
2025-09-14 01:05:52.985 [INFO] [restartedMain] [213] Finished Spring Data repository scanning in 4 ms. Found 1 JPA repository interface.
2025-09-14 01:05:53.027 [INFO] [restartedMain] [111] Tomcat initialized with port 8080 (http)
2025-09-14 01:05:53.027 [INFO] [restartedMain] [168] Starting service [Tomcat]
2025-09-14 01:05:53.027 [INFO] [restartedMain] [168] Starting Servlet engine: [Apache Tomcat/10.1.44]
2025-09-14 01:05:53.037 [INFO] [restartedMain] [168] Initializing Spring embedded WebApplicationContext
2025-09-14 01:05:53.038 [INFO] [restartedMain] [301] Root WebApplicationContext: initialization completed in 152 ms
2025-09-14 01:05:53.058 [INFO] [restartedMain] [109] HikariPool-6 - Starting...
2025-09-14 01:05:53.072 [INFO] [restartedMain] [580] HikariPool-6 - Added connection com.mysql.cj.jdbc.ConnectionImpl@6c666459
2025-09-14 01:05:53.072 [INFO] [restartedMain] [122] HikariPool-6 - Start completed.
2025-09-14 01:05:53.074 [INFO] [restartedMain] [31] HHH000204: Processing PersistenceUnitInfo [name: default]
2025-09-14 01:05:53.074 [INFO] [restartedMain] [50] HHH000026: Second-level cache disabled
2025-09-14 01:05:53.079 [INFO] [restartedMain] [87] No LoadTimeWeaver setup: ignoring JPA class transformer
2025-09-14 01:05:53.081 [WARN] [restartedMain] [153] HHH90000025: MySQLDialect does not need to be specified explicitly using 'hibernate.dialect' (remove the property setting and it will be selected by default)
2025-09-14 01:05:53.082 [INFO] [restartedMain] [163] HHH10001005: Database info:
	Database JDBC URL [Connecting through datasource 'HikariDataSource (HikariPool-6)']
	Database driver: undefined/unknown
	Database version: 8.0.36
	Autocommit mode: undefined/unknown
	Isolation level: undefined/unknown
	Minimum pool size: undefined/unknown
	Maximum pool size: undefined/unknown
2025-09-14 01:05:53.101 [INFO] [restartedMain] [59] HHH000489: No JTA platform available (set 'hibernate.transaction.jta.platform' to enable JTA platform integration)
2025-09-14 01:05:53.101 [INFO] [restartedMain] [447] Initialized JPA EntityManagerFactory for persistence unit 'default'
2025-09-14 01:05:53.147 [WARN] [restartedMain] [258] spring.jpa.open-in-view is enabled by default. Therefore, database queries may be performed during view rendering. Explicitly configure spring.jpa.open-in-view to disable this warning
2025-09-14 01:05:53.150 [INFO] [restartedMain] [59] Adding welcome page: class path resource [static/index.html]
2025-09-14 01:05:53.201 [INFO] [restartedMain] [59] LiveReload server is running on port 35729
2025-09-14 01:05:53.206 [INFO] [restartedMain] [243] Tomcat started on port 8080 (http) with context path '/vue3-element-plus-api-server'
2025-09-14 01:05:53.209 [INFO] [restartedMain] [59] Started Vue3ElementPlusApiServerApplication in 0.337 seconds (process running for 878.193)
2025-09-14 01:05:53.210 [INFO] [restartedMain] [63] Condition evaluation unchanged
2025-09-14 01:06:11.891 [INFO] [File Watcher] [211] Restarting due to 1 class path change (0 additions, 0 deletions, 1 modification)
2025-09-14 01:06:11.892 [INFO] [Thread-23] [54] Commencing graceful shutdown. Waiting for active requests to complete
2025-09-14 01:06:12.094 [INFO] [tomcat-shutdown] [76] Graceful shutdown complete
2025-09-14 01:06:12.096 [INFO] [Thread-23] [660] Closing JPA EntityManagerFactory for persistence unit 'default'
2025-09-14 01:06:12.096 [INFO] [Thread-23] [349] HikariPool-6 - Shutdown initiated...
2025-09-14 01:06:12.098 [INFO] [Thread-23] [351] HikariPool-6 - Shutdown completed.
2025-09-14 01:06:12.147 [INFO] [restartedMain] [53] Starting Vue3ElementPlusApiServerApplication using Java 17.0.15 with PID 2040 (C:\sts4-workspace\vue3-element-plus-api-server\target\classes started by willy in C:\sts4-workspace\vue3-element-plus-api-server)
2025-09-14 01:06:12.147 [DEBUG] [restartedMain] [54] Running with Spring Boot v3.5.5, Spring v6.2.10
2025-09-14 01:06:12.147 [INFO] [restartedMain] [652] No active profile set, falling back to 1 default profile: "default"
2025-09-14 01:06:12.238 [INFO] [restartedMain] [145] Bootstrapping Spring Data JPA repositories in DEFAULT mode.
2025-09-14 01:06:12.244 [INFO] [restartedMain] [213] Finished Spring Data repository scanning in 6 ms. Found 1 JPA repository interface.
2025-09-14 01:06:12.279 [INFO] [restartedMain] [111] Tomcat initialized with port 8080 (http)
2025-09-14 01:06:12.279 [INFO] [restartedMain] [168] Starting service [Tomcat]
2025-09-14 01:06:12.279 [INFO] [restartedMain] [168] Starting Servlet engine: [Apache Tomcat/10.1.44]
2025-09-14 01:06:12.296 [INFO] [restartedMain] [168] Initializing Spring embedded WebApplicationContext
2025-09-14 01:06:12.297 [INFO] [restartedMain] [301] Root WebApplicationContext: initialization completed in 148 ms
2025-09-14 01:06:12.315 [INFO] [restartedMain] [109] HikariPool-7 - Starting...
2025-09-14 01:06:12.329 [INFO] [restartedMain] [580] HikariPool-7 - Added connection com.mysql.cj.jdbc.ConnectionImpl@65c9fa41
2025-09-14 01:06:12.329 [INFO] [restartedMain] [122] HikariPool-7 - Start completed.
2025-09-14 01:06:12.330 [INFO] [restartedMain] [31] HHH000204: Processing PersistenceUnitInfo [name: default]
2025-09-14 01:06:12.331 [INFO] [restartedMain] [50] HHH000026: Second-level cache disabled
2025-09-14 01:06:12.335 [INFO] [restartedMain] [87] No LoadTimeWeaver setup: ignoring JPA class transformer
2025-09-14 01:06:12.337 [WARN] [restartedMain] [153] HHH90000025: MySQLDialect does not need to be specified explicitly using 'hibernate.dialect' (remove the property setting and it will be selected by default)
2025-09-14 01:06:12.337 [INFO] [restartedMain] [163] HHH10001005: Database info:
	Database JDBC URL [Connecting through datasource 'HikariDataSource (HikariPool-7)']
	Database driver: undefined/unknown
	Database version: 8.0.36
	Autocommit mode: undefined/unknown
	Isolation level: undefined/unknown
	Minimum pool size: undefined/unknown
	Maximum pool size: undefined/unknown
2025-09-14 01:06:12.357 [INFO] [restartedMain] [59] HHH000489: No JTA platform available (set 'hibernate.transaction.jta.platform' to enable JTA platform integration)
2025-09-14 01:06:12.357 [INFO] [restartedMain] [447] Initialized JPA EntityManagerFactory for persistence unit 'default'
2025-09-14 01:06:12.405 [WARN] [restartedMain] [258] spring.jpa.open-in-view is enabled by default. Therefore, database queries may be performed during view rendering. Explicitly configure spring.jpa.open-in-view to disable this warning
2025-09-14 01:06:12.407 [INFO] [restartedMain] [59] Adding welcome page: class path resource [static/index.html]
2025-09-14 01:06:12.456 [INFO] [restartedMain] [59] LiveReload server is running on port 35729
2025-09-14 01:06:12.463 [INFO] [restartedMain] [243] Tomcat started on port 8080 (http) with context path '/vue3-element-plus-api-server'
2025-09-14 01:06:12.466 [INFO] [restartedMain] [59] Started Vue3ElementPlusApiServerApplication in 0.333 seconds (process running for 897.449)
2025-09-14 01:06:12.467 [INFO] [restartedMain] [63] Condition evaluation unchanged
2025-09-14 01:06:28.095 [INFO] [File Watcher] [211] Restarting due to 1 class path change (0 additions, 0 deletions, 1 modification)
2025-09-14 01:06:28.096 [INFO] [Thread-27] [54] Commencing graceful shutdown. Waiting for active requests to complete
2025-09-14 01:06:28.305 [INFO] [tomcat-shutdown] [76] Graceful shutdown complete
2025-09-14 01:06:28.307 [INFO] [Thread-27] [660] Closing JPA EntityManagerFactory for persistence unit 'default'
2025-09-14 01:06:28.307 [INFO] [Thread-27] [349] HikariPool-7 - Shutdown initiated...
2025-09-14 01:06:28.309 [INFO] [Thread-27] [351] HikariPool-7 - Shutdown completed.
